[1.054s] DEBUG:colcon:Command line arguments: ['/usr/bin/colcon', 'build']
[1.054s] DEBUG:colcon:Parsed command line arguments: Namespace(allow_overriding=[], ament_cmake_args=None, base_paths=['.'], build_base='build', catkin_cmake_args=None, catkin_skip_building_tests=False, cmake_args=None, cmake_clean_cache=False, cmake_clean_first=False, cmake_force_configure=False, cmake_target=None, cmake_target_skip_unavailable=False, continue_on_error=False, event_handlers=None, executor='parallel', ignore_user_meta=False, install_base='install', log_base=None, log_level=None, main=<bound method BuildVerb.main of <colcon_core.verb.build.BuildVerb object at 0x7f7b520ac0>>, merge_install=False, metas=['./colcon.meta'], mixin=None, mixin_files=None, mixin_verb=('build',), packages_above=None, packages_above_and_dependencies=None, packages_above_depth=None, packages_end=None, packages_ignore=None, packages_ignore_regex=None, packages_select=None, packages_select_build_failed=False, packages_select_by_dep=None, packages_select_regex=None, packages_select_test_failures=False, packages_skip=None, packages_skip_build_finished=False, packages_skip_by_dep=None, packages_skip_regex=None, packages_skip_test_passed=False, packages_skip_up_to=None, packages_start=None, packages_up_to=None, packages_up_to_regex=None, parallel_workers=4, paths=None, symlink_install=False, test_result_base=None, verb_extension=<colcon_core.verb.build.BuildVerb object at 0x7f7b520ac0>, verb_name='build', verb_parser=<colcon_mixin.mixin.mixin_argument.MixinArgumentDecorator object at 0x7f7b4810d0>)
[2.119s] Level 1:colcon.colcon_core.package_discovery:discover_packages(colcon_meta) check parameters
[2.119s] Level 1:colcon.colcon_core.package_discovery:discover_packages(recursive) check parameters
[2.119s] Level 1:colcon.colcon_core.package_discovery:discover_packages(ignore) check parameters
[2.120s] Level 1:colcon.colcon_core.package_discovery:discover_packages(path) check parameters
[2.120s] Level 1:colcon.colcon_core.package_discovery:discover_packages(colcon_meta) discover
[2.120s] Level 1:colcon.colcon_core.package_discovery:discover_packages(recursive) discover
[2.120s] INFO:colcon.colcon_core.package_discovery:Crawling recursively for packages in '/home/jetson/otonom/lidar_ws'
[2.120s] Level 1:colcon.colcon_core.package_identification:_identify(.) by extensions ['ignore', 'ignore_ament_install']
[2.121s] Level 1:colcon.colcon_core.package_identification:_identify(.) by extension 'ignore'
[2.121s] Level 1:colcon.colcon_core.package_identification:_identify(.) by extension 'ignore_ament_install'
[2.121s] Level 1:colcon.colcon_core.package_identification:_identify(.) by extensions ['colcon_pkg']
[2.122s] Level 1:colcon.colcon_core.package_identification:_identify(.) by extension 'colcon_pkg'
[2.122s] Level 1:colcon.colcon_core.package_identification:_identify(.) by extensions ['colcon_meta']
[2.122s] Level 1:colcon.colcon_core.package_identification:_identify(.) by extension 'colcon_meta'
[2.122s] Level 1:colcon.colcon_core.package_identification:_identify(.) by extensions ['ros']
[2.122s] Level 1:colcon.colcon_core.package_identification:_identify(.) by extension 'ros'
[2.209s] Level 1:colcon.colcon_core.package_identification:_identify(.) by extensions ['cmake', 'python']
[2.210s] Level 1:colcon.colcon_core.package_identification:_identify(.) by extension 'cmake'
[2.210s] Level 1:colcon.colcon_core.package_identification:_identify(.) by extension 'python'
[2.210s] Level 1:colcon.colcon_core.package_identification:_identify(.) by extensions ['python_setup_py']
[2.210s] Level 1:colcon.colcon_core.package_identification:_identify(.) by extension 'python_setup_py'
[2.211s] Level 1:colcon.colcon_core.package_identification:_identify(build) by extensions ['ignore', 'ignore_ament_install']
[2.211s] Level 1:colcon.colcon_core.package_identification:_identify(build) by extension 'ignore'
[2.211s] Level 1:colcon.colcon_core.package_identification:_identify(build) ignored
[2.212s] Level 1:colcon.colcon_core.package_identification:_identify(install) by extensions ['ignore', 'ignore_ament_install']
[2.212s] Level 1:colcon.colcon_core.package_identification:_identify(install) by extension 'ignore'
[2.213s] Level 1:colcon.colcon_core.package_identification:_identify(install) ignored
[2.213s] Level 1:colcon.colcon_core.package_identification:_identify(log) by extensions ['ignore', 'ignore_ament_install']
[2.213s] Level 1:colcon.colcon_core.package_identification:_identify(log) by extension 'ignore'
[2.214s] Level 1:colcon.colcon_core.package_identification:_identify(log) ignored
[2.214s] Level 1:colcon.colcon_core.package_identification:_identify(src) by extensions ['ignore', 'ignore_ament_install']
[2.215s] Level 1:colcon.colcon_core.package_identification:_identify(src) by extension 'ignore'
[2.215s] Level 1:colcon.colcon_core.package_identification:_identify(src) by extension 'ignore_ament_install'
[2.215s] Level 1:colcon.colcon_core.package_identification:_identify(src) by extensions ['colcon_pkg']
[2.215s] Level 1:colcon.colcon_core.package_identification:_identify(src) by extension 'colcon_pkg'
[2.216s] Level 1:colcon.colcon_core.package_identification:_identify(src) by extensions ['colcon_meta']
[2.216s] Level 1:colcon.colcon_core.package_identification:_identify(src) by extension 'colcon_meta'
[2.216s] Level 1:colcon.colcon_core.package_identification:_identify(src) by extensions ['ros']
[2.216s] Level 1:colcon.colcon_core.package_identification:_identify(src) by extension 'ros'
[2.217s] Level 1:colcon.colcon_core.package_identification:_identify(src) by extensions ['cmake', 'python']
[2.217s] Level 1:colcon.colcon_core.package_identification:_identify(src) by extension 'cmake'
[2.217s] Level 1:colcon.colcon_core.package_identification:_identify(src) by extension 'python'
[2.217s] Level 1:colcon.colcon_core.package_identification:_identify(src) by extensions ['python_setup_py']
[2.217s] Level 1:colcon.colcon_core.package_identification:_identify(src) by extension 'python_setup_py'
[2.218s] Level 1:colcon.colcon_core.package_identification:_identify(src/ydlidar_ros2_driver) by extensions ['ignore', 'ignore_ament_install']
[2.218s] Level 1:colcon.colcon_core.package_identification:_identify(src/ydlidar_ros2_driver) by extension 'ignore'
[2.219s] Level 1:colcon.colcon_core.package_identification:_identify(src/ydlidar_ros2_driver) by extension 'ignore_ament_install'
[2.219s] Level 1:colcon.colcon_core.package_identification:_identify(src/ydlidar_ros2_driver) by extensions ['colcon_pkg']
[2.219s] Level 1:colcon.colcon_core.package_identification:_identify(src/ydlidar_ros2_driver) by extension 'colcon_pkg'
[2.219s] Level 1:colcon.colcon_core.package_identification:_identify(src/ydlidar_ros2_driver) by extensions ['colcon_meta']
[2.219s] Level 1:colcon.colcon_core.package_identification:_identify(src/ydlidar_ros2_driver) by extension 'colcon_meta'
[2.220s] Level 1:colcon.colcon_core.package_identification:_identify(src/ydlidar_ros2_driver) by extensions ['ros']
[2.220s] Level 1:colcon.colcon_core.package_identification:_identify(src/ydlidar_ros2_driver) by extension 'ros'
[2.231s] DEBUG:colcon.colcon_core.package_identification:Package 'src/ydlidar_ros2_driver' with type 'ros.ament_cmake' and name 'ydlidar_ros2_driver'
[2.231s] Level 1:colcon.colcon_core.package_discovery:discover_packages(recursive) using defaults
[2.231s] Level 1:colcon.colcon_core.package_discovery:discover_packages(ignore) discover
[2.231s] Level 1:colcon.colcon_core.package_discovery:discover_packages(ignore) using defaults
[2.232s] Level 1:colcon.colcon_core.package_discovery:discover_packages(path) discover
[2.232s] Level 1:colcon.colcon_core.package_discovery:discover_packages(path) using defaults
[2.321s] Level 1:colcon.colcon_core.package_discovery:discover_packages(prefix_path) check parameters
[2.321s] Level 1:colcon.colcon_core.package_discovery:discover_packages(prefix_path) discover
[2.329s] DEBUG:colcon.colcon_installed_package_information.package_discovery:Found 1 installed packages in /home/jetson/otonom/lidar_ws/install
[2.332s] DEBUG:colcon.colcon_installed_package_information.package_discovery:Found 5 installed packages in /home/jetson/ros2_ws/install
[2.335s] DEBUG:colcon.colcon_installed_package_information.package_discovery:Found 4 installed packages in /home/jetson/microros_ws/install
[2.342s] DEBUG:colcon.colcon_installed_package_information.package_discovery:Found 266 installed packages in /opt/ros/foxy
[2.351s] Level 1:colcon.colcon_core.package_discovery:discover_packages(prefix_path) using defaults
[2.688s] Level 5:colcon.colcon_core.verb:set package 'ydlidar_ros2_driver' build argument 'cmake_args' from command line to 'None'
[2.688s] Level 5:colcon.colcon_core.verb:set package 'ydlidar_ros2_driver' build argument 'cmake_target' from command line to 'None'
[2.689s] Level 5:colcon.colcon_core.verb:set package 'ydlidar_ros2_driver' build argument 'cmake_target_skip_unavailable' from command line to 'False'
[2.689s] Level 5:colcon.colcon_core.verb:set package 'ydlidar_ros2_driver' build argument 'cmake_clean_cache' from command line to 'False'
[2.689s] Level 5:colcon.colcon_core.verb:set package 'ydlidar_ros2_driver' build argument 'cmake_clean_first' from command line to 'False'
[2.689s] Level 5:colcon.colcon_core.verb:set package 'ydlidar_ros2_driver' build argument 'cmake_force_configure' from command line to 'False'
[2.689s] Level 5:colcon.colcon_core.verb:set package 'ydlidar_ros2_driver' build argument 'ament_cmake_args' from command line to 'None'
[2.689s] Level 5:colcon.colcon_core.verb:set package 'ydlidar_ros2_driver' build argument 'catkin_cmake_args' from command line to 'None'
[2.689s] Level 5:colcon.colcon_core.verb:set package 'ydlidar_ros2_driver' build argument 'catkin_skip_building_tests' from command line to 'False'
[2.689s] DEBUG:colcon.colcon_core.verb:Building package 'ydlidar_ros2_driver' with the following arguments: {'ament_cmake_args': None, 'build_base': '/home/jetson/otonom/lidar_ws/build/ydlidar_ros2_driver', 'catkin_cmake_args': None, 'catkin_skip_building_tests': False, 'cmake_args': None, 'cmake_clean_cache': False, 'cmake_clean_first': False, 'cmake_force_configure': False, 'cmake_target': None, 'cmake_target_skip_unavailable': False, 'install_base': '/home/jetson/otonom/lidar_ws/install/ydlidar_ros2_driver', 'merge_install': False, 'path': '/home/jetson/otonom/lidar_ws/src/ydlidar_ros2_driver', 'symlink_install': False, 'test_result_base': None}
[2.690s] INFO:colcon.colcon_core.executor:Executing jobs using 'parallel' executor
[2.694s] DEBUG:colcon.colcon_parallel_executor.executor.parallel:run_until_complete
[2.695s] INFO:colcon.colcon_ros.task.ament_cmake.build:Building ROS package in '/home/jetson/otonom/lidar_ws/src/ydlidar_ros2_driver' with build type 'ament_cmake'
[2.696s] INFO:colcon.colcon_cmake.task.cmake.build:Building CMake package in '/home/jetson/otonom/lidar_ws/src/ydlidar_ros2_driver'
[2.705s] INFO:colcon.colcon_core.plugin_system:Skipping extension 'colcon_core.shell.bat': Not used on non-Windows systems
[2.706s] INFO:colcon.colcon_core.shell:Skip shell extension 'powershell' for command environment: Not usable outside of PowerShell
[2.706s] DEBUG:colcon.colcon_core.shell:Skip shell extension 'dsv' for command environment
[2.748s] DEBUG:colcon.colcon_core.event_handler.log_command:Invoking command in '/home/jetson/otonom/lidar_ws/build/ydlidar_ros2_driver': CMAKE_PREFIX_PATH=${CMAKE_PREFIX_PATH}:/home/jetson/ros2_ws/install/odometry:/home/jetson/ros2_ws/install/camera_realsense:/home/jetson/ros2_ws/install/camera:/opt/ros/foxy /usr/bin/cmake --build /home/jetson/otonom/lidar_ws/build/ydlidar_ros2_driver -- -j4 -l4
[16.129s] DEBUG:colcon.colcon_core.event_handler.log_command:Invoked command in '/home/jetson/otonom/lidar_ws/build/ydlidar_ros2_driver' returned '0': CMAKE_PREFIX_PATH=${CMAKE_PREFIX_PATH}:/home/jetson/ros2_ws/install/odometry:/home/jetson/ros2_ws/install/camera_realsense:/home/jetson/ros2_ws/install/camera:/opt/ros/foxy /usr/bin/cmake --build /home/jetson/otonom/lidar_ws/build/ydlidar_ros2_driver -- -j4 -l4
[16.162s] DEBUG:colcon.colcon_core.event_handler.log_command:Invoking command in '/home/jetson/otonom/lidar_ws/build/ydlidar_ros2_driver': CMAKE_PREFIX_PATH=${CMAKE_PREFIX_PATH}:/home/jetson/ros2_ws/install/odometry:/home/jetson/ros2_ws/install/camera_realsense:/home/jetson/ros2_ws/install/camera:/opt/ros/foxy /usr/bin/cmake --install /home/jetson/otonom/lidar_ws/build/ydlidar_ros2_driver
[16.225s] Level 1:colcon.colcon_core.environment:create_environment_scripts_only(ydlidar_ros2_driver)
[16.232s] DEBUG:colcon.colcon_core.event_handler.log_command:Invoked command in '/home/jetson/otonom/lidar_ws/build/ydlidar_ros2_driver' returned '0': CMAKE_PREFIX_PATH=${CMAKE_PREFIX_PATH}:/home/jetson/ros2_ws/install/odometry:/home/jetson/ros2_ws/install/camera_realsense:/home/jetson/ros2_ws/install/camera:/opt/ros/foxy /usr/bin/cmake --install /home/jetson/otonom/lidar_ws/build/ydlidar_ros2_driver
[16.240s] Level 1:colcon.colcon_core.environment:checking '/home/jetson/otonom/lidar_ws/install/ydlidar_ros2_driver' for CMake module files
[16.243s] Level 1:colcon.colcon_core.environment:checking '/home/jetson/otonom/lidar_ws/install/ydlidar_ros2_driver' for CMake config files
[16.244s] Level 1:colcon.colcon_core.shell:create_environment_hook('ydlidar_ros2_driver', 'cmake_prefix_path')
[16.245s] INFO:colcon.colcon_core.shell:Creating environment hook '/home/jetson/otonom/lidar_ws/install/ydlidar_ros2_driver/share/ydlidar_ros2_driver/hook/cmake_prefix_path.ps1'
[16.248s] INFO:colcon.colcon_core.shell:Creating environment descriptor '/home/jetson/otonom/lidar_ws/install/ydlidar_ros2_driver/share/ydlidar_ros2_driver/hook/cmake_prefix_path.dsv'
[16.250s] INFO:colcon.colcon_core.shell:Creating environment hook '/home/jetson/otonom/lidar_ws/install/ydlidar_ros2_driver/share/ydlidar_ros2_driver/hook/cmake_prefix_path.sh'
[16.254s] Level 1:colcon.colcon_core.environment:checking '/home/jetson/otonom/lidar_ws/install/ydlidar_ros2_driver/lib'
[16.255s] Level 1:colcon.colcon_core.environment:checking '/home/jetson/otonom/lidar_ws/install/ydlidar_ros2_driver/bin'
[16.255s] Level 1:colcon.colcon_core.environment:checking '/home/jetson/otonom/lidar_ws/install/ydlidar_ros2_driver/lib/pkgconfig/ydlidar_ros2_driver.pc'
[16.256s] Level 1:colcon.colcon_core.environment:checking '/home/jetson/otonom/lidar_ws/install/ydlidar_ros2_driver/lib/python3.8/site-packages'
[16.257s] Level 1:colcon.colcon_core.environment:checking '/home/jetson/otonom/lidar_ws/install/ydlidar_ros2_driver/bin'
[16.258s] INFO:colcon.colcon_core.shell:Creating package script '/home/jetson/otonom/lidar_ws/install/ydlidar_ros2_driver/share/ydlidar_ros2_driver/package.ps1'
[16.261s] INFO:colcon.colcon_core.shell:Creating package descriptor '/home/jetson/otonom/lidar_ws/install/ydlidar_ros2_driver/share/ydlidar_ros2_driver/package.dsv'
[16.264s] INFO:colcon.colcon_core.shell:Creating package script '/home/jetson/otonom/lidar_ws/install/ydlidar_ros2_driver/share/ydlidar_ros2_driver/package.sh'
[16.267s] INFO:colcon.colcon_core.shell:Creating package script '/home/jetson/otonom/lidar_ws/install/ydlidar_ros2_driver/share/ydlidar_ros2_driver/package.bash'
[16.270s] INFO:colcon.colcon_core.shell:Creating package script '/home/jetson/otonom/lidar_ws/install/ydlidar_ros2_driver/share/ydlidar_ros2_driver/package.zsh'
[16.273s] Level 1:colcon.colcon_core.environment:create_file_with_runtime_dependencies(/home/jetson/otonom/lidar_ws/install/ydlidar_ros2_driver/share/colcon-core/packages/ydlidar_ros2_driver)
[16.276s] Level 1:colcon.colcon_core.environment:create_environment_scripts_only(ydlidar_ros2_driver)
[16.277s] Level 1:colcon.colcon_core.environment:checking '/home/jetson/otonom/lidar_ws/install/ydlidar_ros2_driver' for CMake module files
[16.280s] Level 1:colcon.colcon_core.environment:checking '/home/jetson/otonom/lidar_ws/install/ydlidar_ros2_driver' for CMake config files
[16.281s] Level 1:colcon.colcon_core.shell:create_environment_hook('ydlidar_ros2_driver', 'cmake_prefix_path')
[16.282s] INFO:colcon.colcon_core.shell:Creating environment hook '/home/jetson/otonom/lidar_ws/install/ydlidar_ros2_driver/share/ydlidar_ros2_driver/hook/cmake_prefix_path.ps1'
[16.284s] INFO:colcon.colcon_core.shell:Creating environment descriptor '/home/jetson/otonom/lidar_ws/install/ydlidar_ros2_driver/share/ydlidar_ros2_driver/hook/cmake_prefix_path.dsv'
[16.286s] INFO:colcon.colcon_core.shell:Creating environment hook '/home/jetson/otonom/lidar_ws/install/ydlidar_ros2_driver/share/ydlidar_ros2_driver/hook/cmake_prefix_path.sh'
[16.288s] Level 1:colcon.colcon_core.environment:checking '/home/jetson/otonom/lidar_ws/install/ydlidar_ros2_driver/lib'
[16.289s] Level 1:colcon.colcon_core.environment:checking '/home/jetson/otonom/lidar_ws/install/ydlidar_ros2_driver/bin'
[16.289s] Level 1:colcon.colcon_core.environment:checking '/home/jetson/otonom/lidar_ws/install/ydlidar_ros2_driver/lib/pkgconfig/ydlidar_ros2_driver.pc'
[16.290s] Level 1:colcon.colcon_core.environment:checking '/home/jetson/otonom/lidar_ws/install/ydlidar_ros2_driver/lib/python3.8/site-packages'
[16.290s] Level 1:colcon.colcon_core.environment:checking '/home/jetson/otonom/lidar_ws/install/ydlidar_ros2_driver/bin'
[16.292s] INFO:colcon.colcon_core.shell:Creating package script '/home/jetson/otonom/lidar_ws/install/ydlidar_ros2_driver/share/ydlidar_ros2_driver/package.ps1'
[16.294s] INFO:colcon.colcon_core.shell:Creating package descriptor '/home/jetson/otonom/lidar_ws/install/ydlidar_ros2_driver/share/ydlidar_ros2_driver/package.dsv'
[16.296s] INFO:colcon.colcon_core.shell:Creating package script '/home/jetson/otonom/lidar_ws/install/ydlidar_ros2_driver/share/ydlidar_ros2_driver/package.sh'
[16.297s] INFO:colcon.colcon_core.shell:Creating package script '/home/jetson/otonom/lidar_ws/install/ydlidar_ros2_driver/share/ydlidar_ros2_driver/package.bash'
[16.299s] INFO:colcon.colcon_core.shell:Creating package script '/home/jetson/otonom/lidar_ws/install/ydlidar_ros2_driver/share/ydlidar_ros2_driver/package.zsh'
[16.301s] Level 1:colcon.colcon_core.environment:create_file_with_runtime_dependencies(/home/jetson/otonom/lidar_ws/install/ydlidar_ros2_driver/share/colcon-core/packages/ydlidar_ros2_driver)
[16.302s] DEBUG:colcon.colcon_parallel_executor.executor.parallel:closing loop
[16.304s] DEBUG:colcon.colcon_parallel_executor.executor.parallel:loop closed
[16.304s] DEBUG:colcon.colcon_parallel_executor.executor.parallel:run_until_complete finished with '0'
[16.304s] DEBUG:colcon.colcon_core.event_reactor:joining thread
[16.326s] INFO:colcon.colcon_core.plugin_system:Skipping extension 'colcon_notification.desktop_notification.terminal_notifier': Not used on non-Darwin systems
[16.326s] INFO:colcon.colcon_core.plugin_system:Skipping extension 'colcon_notification.desktop_notification.win32': Not used on non-Windows systems
[16.326s] INFO:colcon.colcon_notification.desktop_notification:Sending desktop notification using 'notify2'
[16.367s] DEBUG:colcon.colcon_core.event_reactor:joined thread
[16.368s] INFO:colcon.colcon_core.shell:Creating prefix script '/home/jetson/otonom/lidar_ws/install/local_setup.ps1'
[16.373s] INFO:colcon.colcon_core.shell:Creating prefix util module '/home/jetson/otonom/lidar_ws/install/_local_setup_util_ps1.py'
[16.379s] INFO:colcon.colcon_core.shell:Creating prefix chain script '/home/jetson/otonom/lidar_ws/install/setup.ps1'
[16.385s] INFO:colcon.colcon_core.shell:Creating prefix script '/home/jetson/otonom/lidar_ws/install/local_setup.sh'
[16.388s] INFO:colcon.colcon_core.shell:Creating prefix util module '/home/jetson/otonom/lidar_ws/install/_local_setup_util_sh.py'
[16.391s] INFO:colcon.colcon_core.shell:Creating prefix chain script '/home/jetson/otonom/lidar_ws/install/setup.sh'
[16.397s] INFO:colcon.colcon_core.shell:Creating prefix script '/home/jetson/otonom/lidar_ws/install/local_setup.bash'
[16.399s] INFO:colcon.colcon_core.shell:Creating prefix chain script '/home/jetson/otonom/lidar_ws/install/setup.bash'
[16.405s] INFO:colcon.colcon_core.shell:Creating prefix script '/home/jetson/otonom/lidar_ws/install/local_setup.zsh'
[16.408s] INFO:colcon.colcon_core.shell:Creating prefix chain script '/home/jetson/otonom/lidar_ws/install/setup.zsh'
