[1.645s] DEBUG:colcon:Command line arguments: ['/usr/bin/colcon', 'build']
[1.645s] DEBUG:colcon:Parsed command line arguments: Namespace(allow_overriding=[], ament_cmake_args=None, base_paths=['.'], build_base='build', catkin_cmake_args=None, catkin_skip_building_tests=False, cmake_args=None, cmake_clean_cache=False, cmake_clean_first=False, cmake_force_configure=False, cmake_target=None, cmake_target_skip_unavailable=False, continue_on_error=False, event_handlers=None, executor='parallel', ignore_user_meta=False, install_base='install', log_base=None, log_level=None, main=<bound method BuildVerb.main of <colcon_core.verb.build.BuildVerb object at 0x7f77b91ca0>>, merge_install=False, metas=['./colcon.meta'], mixin=None, mixin_files=None, mixin_verb=('build',), packages_above=None, packages_above_and_dependencies=None, packages_above_depth=None, packages_end=None, packages_ignore=None, packages_ignore_regex=None, packages_select=None, packages_select_build_failed=False, packages_select_by_dep=None, packages_select_regex=None, packages_select_test_failures=False, packages_skip=None, packages_skip_build_finished=False, packages_skip_by_dep=None, packages_skip_regex=None, packages_skip_test_passed=False, packages_skip_up_to=None, packages_start=None, packages_up_to=None, packages_up_to_regex=None, parallel_workers=4, paths=None, symlink_install=False, test_result_base=None, verb_extension=<colcon_core.verb.build.BuildVerb object at 0x7f77b91ca0>, verb_name='build', verb_parser=<colcon_mixin.mixin.mixin_argument.MixinArgumentDecorator object at 0x7f77a73610>)
[3.024s] Level 1:colcon.colcon_core.package_discovery:discover_packages(colcon_meta) check parameters
[3.024s] Level 1:colcon.colcon_core.package_discovery:discover_packages(recursive) check parameters
[3.024s] Level 1:colcon.colcon_core.package_discovery:discover_packages(ignore) check parameters
[3.024s] Level 1:colcon.colcon_core.package_discovery:discover_packages(path) check parameters
[3.025s] Level 1:colcon.colcon_core.package_discovery:discover_packages(colcon_meta) discover
[3.025s] Level 1:colcon.colcon_core.package_discovery:discover_packages(recursive) discover
[3.025s] INFO:colcon.colcon_core.package_discovery:Crawling recursively for packages in '/home/jetson/otonom/lidar_ws'
[3.026s] Level 1:colcon.colcon_core.package_identification:_identify(.) by extensions ['ignore', 'ignore_ament_install']
[3.026s] Level 1:colcon.colcon_core.package_identification:_identify(.) by extension 'ignore'
[3.027s] Level 1:colcon.colcon_core.package_identification:_identify(.) by extension 'ignore_ament_install'
[3.027s] Level 1:colcon.colcon_core.package_identification:_identify(.) by extensions ['colcon_pkg']
[3.027s] Level 1:colcon.colcon_core.package_identification:_identify(.) by extension 'colcon_pkg'
[3.028s] Level 1:colcon.colcon_core.package_identification:_identify(.) by extensions ['colcon_meta']
[3.028s] Level 1:colcon.colcon_core.package_identification:_identify(.) by extension 'colcon_meta'
[3.028s] Level 1:colcon.colcon_core.package_identification:_identify(.) by extensions ['ros']
[3.028s] Level 1:colcon.colcon_core.package_identification:_identify(.) by extension 'ros'
[3.144s] Level 1:colcon.colcon_core.package_identification:_identify(.) by extensions ['cmake', 'python']
[3.145s] Level 1:colcon.colcon_core.package_identification:_identify(.) by extension 'cmake'
[3.145s] Level 1:colcon.colcon_core.package_identification:_identify(.) by extension 'python'
[3.145s] Level 1:colcon.colcon_core.package_identification:_identify(.) by extensions ['python_setup_py']
[3.145s] Level 1:colcon.colcon_core.package_identification:_identify(.) by extension 'python_setup_py'
[3.146s] Level 1:colcon.colcon_core.package_identification:_identify(build) by extensions ['ignore', 'ignore_ament_install']
[3.147s] Level 1:colcon.colcon_core.package_identification:_identify(build) by extension 'ignore'
[3.147s] Level 1:colcon.colcon_core.package_identification:_identify(build) ignored
[3.148s] Level 1:colcon.colcon_core.package_identification:_identify(install) by extensions ['ignore', 'ignore_ament_install']
[3.149s] Level 1:colcon.colcon_core.package_identification:_identify(install) by extension 'ignore'
[3.149s] Level 1:colcon.colcon_core.package_identification:_identify(install) ignored
[3.150s] Level 1:colcon.colcon_core.package_identification:_identify(log) by extensions ['ignore', 'ignore_ament_install']
[3.151s] Level 1:colcon.colcon_core.package_identification:_identify(log) by extension 'ignore'
[3.151s] Level 1:colcon.colcon_core.package_identification:_identify(log) ignored
[3.151s] Level 1:colcon.colcon_core.package_identification:_identify(src) by extensions ['ignore', 'ignore_ament_install']
[3.152s] Level 1:colcon.colcon_core.package_identification:_identify(src) by extension 'ignore'
[3.152s] Level 1:colcon.colcon_core.package_identification:_identify(src) by extension 'ignore_ament_install'
[3.153s] Level 1:colcon.colcon_core.package_identification:_identify(src) by extensions ['colcon_pkg']
[3.153s] Level 1:colcon.colcon_core.package_identification:_identify(src) by extension 'colcon_pkg'
[3.153s] Level 1:colcon.colcon_core.package_identification:_identify(src) by extensions ['colcon_meta']
[3.153s] Level 1:colcon.colcon_core.package_identification:_identify(src) by extension 'colcon_meta'
[3.154s] Level 1:colcon.colcon_core.package_identification:_identify(src) by extensions ['ros']
[3.154s] Level 1:colcon.colcon_core.package_identification:_identify(src) by extension 'ros'
[3.155s] Level 1:colcon.colcon_core.package_identification:_identify(src) by extensions ['cmake', 'python']
[3.155s] Level 1:colcon.colcon_core.package_identification:_identify(src) by extension 'cmake'
[3.156s] Level 1:colcon.colcon_core.package_identification:_identify(src) by extension 'python'
[3.156s] Level 1:colcon.colcon_core.package_identification:_identify(src) by extensions ['python_setup_py']
[3.156s] Level 1:colcon.colcon_core.package_identification:_identify(src) by extension 'python_setup_py'
[3.157s] Level 1:colcon.colcon_core.package_identification:_identify(src/ydlidar_ros2_driver) by extensions ['ignore', 'ignore_ament_install']
[3.157s] Level 1:colcon.colcon_core.package_identification:_identify(src/ydlidar_ros2_driver) by extension 'ignore'
[3.158s] Level 1:colcon.colcon_core.package_identification:_identify(src/ydlidar_ros2_driver) by extension 'ignore_ament_install'
[3.158s] Level 1:colcon.colcon_core.package_identification:_identify(src/ydlidar_ros2_driver) by extensions ['colcon_pkg']
[3.158s] Level 1:colcon.colcon_core.package_identification:_identify(src/ydlidar_ros2_driver) by extension 'colcon_pkg'
[3.158s] Level 1:colcon.colcon_core.package_identification:_identify(src/ydlidar_ros2_driver) by extensions ['colcon_meta']
[3.159s] Level 1:colcon.colcon_core.package_identification:_identify(src/ydlidar_ros2_driver) by extension 'colcon_meta'
[3.159s] Level 1:colcon.colcon_core.package_identification:_identify(src/ydlidar_ros2_driver) by extensions ['ros']
[3.159s] Level 1:colcon.colcon_core.package_identification:_identify(src/ydlidar_ros2_driver) by extension 'ros'
[3.175s] DEBUG:colcon.colcon_core.package_identification:Package 'src/ydlidar_ros2_driver' with type 'ros.ament_cmake' and name 'ydlidar_ros2_driver'
[3.176s] Level 1:colcon.colcon_core.package_discovery:discover_packages(recursive) using defaults
[3.176s] Level 1:colcon.colcon_core.package_discovery:discover_packages(ignore) discover
[3.176s] Level 1:colcon.colcon_core.package_discovery:discover_packages(ignore) using defaults
[3.176s] Level 1:colcon.colcon_core.package_discovery:discover_packages(path) discover
[3.177s] Level 1:colcon.colcon_core.package_discovery:discover_packages(path) using defaults
[3.316s] Level 1:colcon.colcon_core.package_discovery:discover_packages(prefix_path) check parameters
[3.316s] Level 1:colcon.colcon_core.package_discovery:discover_packages(prefix_path) discover
[3.335s] DEBUG:colcon.colcon_installed_package_information.package_discovery:Found 1 installed packages in /home/jetson/otonom/lidar_ws/install
[3.340s] DEBUG:colcon.colcon_installed_package_information.package_discovery:Found 7 installed packages in /home/jetson/ros2_ws/install
[3.344s] DEBUG:colcon.colcon_installed_package_information.package_discovery:Found 4 installed packages in /home/jetson/microros_ws/install
[3.352s] DEBUG:colcon.colcon_installed_package_information.package_discovery:Found 293 installed packages in /opt/ros/foxy
[3.363s] Level 1:colcon.colcon_core.package_discovery:discover_packages(prefix_path) using defaults
[3.864s] Level 5:colcon.colcon_core.verb:set package 'ydlidar_ros2_driver' build argument 'cmake_args' from command line to 'None'
[3.865s] Level 5:colcon.colcon_core.verb:set package 'ydlidar_ros2_driver' build argument 'cmake_target' from command line to 'None'
[3.865s] Level 5:colcon.colcon_core.verb:set package 'ydlidar_ros2_driver' build argument 'cmake_target_skip_unavailable' from command line to 'False'
[3.865s] Level 5:colcon.colcon_core.verb:set package 'ydlidar_ros2_driver' build argument 'cmake_clean_cache' from command line to 'False'
[3.865s] Level 5:colcon.colcon_core.verb:set package 'ydlidar_ros2_driver' build argument 'cmake_clean_first' from command line to 'False'
[3.865s] Level 5:colcon.colcon_core.verb:set package 'ydlidar_ros2_driver' build argument 'cmake_force_configure' from command line to 'False'
[3.866s] Level 5:colcon.colcon_core.verb:set package 'ydlidar_ros2_driver' build argument 'ament_cmake_args' from command line to 'None'
[3.866s] Level 5:colcon.colcon_core.verb:set package 'ydlidar_ros2_driver' build argument 'catkin_cmake_args' from command line to 'None'
[3.866s] Level 5:colcon.colcon_core.verb:set package 'ydlidar_ros2_driver' build argument 'catkin_skip_building_tests' from command line to 'False'
[3.866s] DEBUG:colcon.colcon_core.verb:Building package 'ydlidar_ros2_driver' with the following arguments: {'ament_cmake_args': None, 'build_base': '/home/jetson/otonom/lidar_ws/build/ydlidar_ros2_driver', 'catkin_cmake_args': None, 'catkin_skip_building_tests': False, 'cmake_args': None, 'cmake_clean_cache': False, 'cmake_clean_first': False, 'cmake_force_configure': False, 'cmake_target': None, 'cmake_target_skip_unavailable': False, 'install_base': '/home/jetson/otonom/lidar_ws/install/ydlidar_ros2_driver', 'merge_install': False, 'path': '/home/jetson/otonom/lidar_ws/src/ydlidar_ros2_driver', 'symlink_install': False, 'test_result_base': None}
[3.867s] INFO:colcon.colcon_core.executor:Executing jobs using 'parallel' executor
[3.871s] DEBUG:colcon.colcon_parallel_executor.executor.parallel:run_until_complete
[3.872s] INFO:colcon.colcon_ros.task.ament_cmake.build:Building ROS package in '/home/jetson/otonom/lidar_ws/src/ydlidar_ros2_driver' with build type 'ament_cmake'
[3.872s] INFO:colcon.colcon_cmake.task.cmake.build:Building CMake package in '/home/jetson/otonom/lidar_ws/src/ydlidar_ros2_driver'
[3.893s] INFO:colcon.colcon_core.plugin_system:Skipping extension 'colcon_core.shell.bat': Not used on non-Windows systems
[3.894s] INFO:colcon.colcon_core.shell:Skip shell extension 'powershell' for command environment: Not usable outside of PowerShell
[3.894s] DEBUG:colcon.colcon_core.shell:Skip shell extension 'dsv' for command environment
[3.956s] DEBUG:colcon.colcon_core.event_handler.log_command:Invoking command in '/home/jetson/otonom/lidar_ws/build/ydlidar_ros2_driver': CMAKE_PREFIX_PATH=${CMAKE_PREFIX_PATH}:/home/jetson/ros2_ws/install/odometry:/home/jetson/ros2_ws/install/launch_files:/home/jetson/ros2_ws/install/imu_data:/home/jetson/ros2_ws/install/cv:/home/jetson/ros2_ws/install/camera:/home/jetson/ros2_ws/install/IMU_odom:/opt/ros/foxy /usr/bin/cmake --build /home/jetson/otonom/lidar_ws/build/ydlidar_ros2_driver -- -j4 -l4
[22.198s] DEBUG:colcon.colcon_core.event_handler.log_command:Invoked command in '/home/jetson/otonom/lidar_ws/build/ydlidar_ros2_driver' returned '0': CMAKE_PREFIX_PATH=${CMAKE_PREFIX_PATH}:/home/jetson/ros2_ws/install/odometry:/home/jetson/ros2_ws/install/launch_files:/home/jetson/ros2_ws/install/imu_data:/home/jetson/ros2_ws/install/cv:/home/jetson/ros2_ws/install/camera:/home/jetson/ros2_ws/install/IMU_odom:/opt/ros/foxy /usr/bin/cmake --build /home/jetson/otonom/lidar_ws/build/ydlidar_ros2_driver -- -j4 -l4
[22.264s] DEBUG:colcon.colcon_core.event_handler.log_command:Invoking command in '/home/jetson/otonom/lidar_ws/build/ydlidar_ros2_driver': CMAKE_PREFIX_PATH=${CMAKE_PREFIX_PATH}:/home/jetson/ros2_ws/install/odometry:/home/jetson/ros2_ws/install/launch_files:/home/jetson/ros2_ws/install/imu_data:/home/jetson/ros2_ws/install/cv:/home/jetson/ros2_ws/install/camera:/home/jetson/ros2_ws/install/IMU_odom:/opt/ros/foxy /usr/bin/cmake --install /home/jetson/otonom/lidar_ws/build/ydlidar_ros2_driver
[22.375s] Level 1:colcon.colcon_core.environment:create_environment_scripts_only(ydlidar_ros2_driver)
[22.385s] DEBUG:colcon.colcon_core.event_handler.log_command:Invoked command in '/home/jetson/otonom/lidar_ws/build/ydlidar_ros2_driver' returned '0': CMAKE_PREFIX_PATH=${CMAKE_PREFIX_PATH}:/home/jetson/ros2_ws/install/odometry:/home/jetson/ros2_ws/install/launch_files:/home/jetson/ros2_ws/install/imu_data:/home/jetson/ros2_ws/install/cv:/home/jetson/ros2_ws/install/camera:/home/jetson/ros2_ws/install/IMU_odom:/opt/ros/foxy /usr/bin/cmake --install /home/jetson/otonom/lidar_ws/build/ydlidar_ros2_driver
[22.409s] Level 1:colcon.colcon_core.environment:checking '/home/jetson/otonom/lidar_ws/install/ydlidar_ros2_driver' for CMake module files
[22.413s] Level 1:colcon.colcon_core.environment:checking '/home/jetson/otonom/lidar_ws/install/ydlidar_ros2_driver' for CMake config files
[22.415s] Level 1:colcon.colcon_core.shell:create_environment_hook('ydlidar_ros2_driver', 'cmake_prefix_path')
[22.416s] INFO:colcon.colcon_core.shell:Creating environment hook '/home/jetson/otonom/lidar_ws/install/ydlidar_ros2_driver/share/ydlidar_ros2_driver/hook/cmake_prefix_path.ps1'
[22.421s] INFO:colcon.colcon_core.shell:Creating environment descriptor '/home/jetson/otonom/lidar_ws/install/ydlidar_ros2_driver/share/ydlidar_ros2_driver/hook/cmake_prefix_path.dsv'
[22.429s] INFO:colcon.colcon_core.shell:Creating environment hook '/home/jetson/otonom/lidar_ws/install/ydlidar_ros2_driver/share/ydlidar_ros2_driver/hook/cmake_prefix_path.sh'
[22.437s] Level 1:colcon.colcon_core.environment:checking '/home/jetson/otonom/lidar_ws/install/ydlidar_ros2_driver/lib'
[22.438s] Level 1:colcon.colcon_core.environment:checking '/home/jetson/otonom/lidar_ws/install/ydlidar_ros2_driver/bin'
[22.439s] Level 1:colcon.colcon_core.environment:checking '/home/jetson/otonom/lidar_ws/install/ydlidar_ros2_driver/lib/pkgconfig/ydlidar_ros2_driver.pc'
[22.442s] Level 1:colcon.colcon_core.environment:checking '/home/jetson/otonom/lidar_ws/install/ydlidar_ros2_driver/lib/python3.8/site-packages'
[22.444s] Level 1:colcon.colcon_core.environment:checking '/home/jetson/otonom/lidar_ws/install/ydlidar_ros2_driver/bin'
[22.445s] INFO:colcon.colcon_core.shell:Creating package script '/home/jetson/otonom/lidar_ws/install/ydlidar_ros2_driver/share/ydlidar_ros2_driver/package.ps1'
[22.450s] INFO:colcon.colcon_core.shell:Creating package descriptor '/home/jetson/otonom/lidar_ws/install/ydlidar_ros2_driver/share/ydlidar_ros2_driver/package.dsv'
[22.455s] INFO:colcon.colcon_core.shell:Creating package script '/home/jetson/otonom/lidar_ws/install/ydlidar_ros2_driver/share/ydlidar_ros2_driver/package.sh'
[22.461s] INFO:colcon.colcon_core.shell:Creating package script '/home/jetson/otonom/lidar_ws/install/ydlidar_ros2_driver/share/ydlidar_ros2_driver/package.bash'
[22.470s] INFO:colcon.colcon_core.shell:Creating package script '/home/jetson/otonom/lidar_ws/install/ydlidar_ros2_driver/share/ydlidar_ros2_driver/package.zsh'
[22.477s] Level 1:colcon.colcon_core.environment:create_file_with_runtime_dependencies(/home/jetson/otonom/lidar_ws/install/ydlidar_ros2_driver/share/colcon-core/packages/ydlidar_ros2_driver)
[22.481s] Level 1:colcon.colcon_core.environment:create_environment_scripts_only(ydlidar_ros2_driver)
[22.482s] Level 1:colcon.colcon_core.environment:checking '/home/jetson/otonom/lidar_ws/install/ydlidar_ros2_driver' for CMake module files
[22.485s] Level 1:colcon.colcon_core.environment:checking '/home/jetson/otonom/lidar_ws/install/ydlidar_ros2_driver' for CMake config files
[22.487s] Level 1:colcon.colcon_core.shell:create_environment_hook('ydlidar_ros2_driver', 'cmake_prefix_path')
[22.488s] INFO:colcon.colcon_core.shell:Creating environment hook '/home/jetson/otonom/lidar_ws/install/ydlidar_ros2_driver/share/ydlidar_ros2_driver/hook/cmake_prefix_path.ps1'
[22.490s] INFO:colcon.colcon_core.shell:Creating environment descriptor '/home/jetson/otonom/lidar_ws/install/ydlidar_ros2_driver/share/ydlidar_ros2_driver/hook/cmake_prefix_path.dsv'
[22.492s] INFO:colcon.colcon_core.shell:Creating environment hook '/home/jetson/otonom/lidar_ws/install/ydlidar_ros2_driver/share/ydlidar_ros2_driver/hook/cmake_prefix_path.sh'
[22.495s] Level 1:colcon.colcon_core.environment:checking '/home/jetson/otonom/lidar_ws/install/ydlidar_ros2_driver/lib'
[22.496s] Level 1:colcon.colcon_core.environment:checking '/home/jetson/otonom/lidar_ws/install/ydlidar_ros2_driver/bin'
[22.496s] Level 1:colcon.colcon_core.environment:checking '/home/jetson/otonom/lidar_ws/install/ydlidar_ros2_driver/lib/pkgconfig/ydlidar_ros2_driver.pc'
[22.497s] Level 1:colcon.colcon_core.environment:checking '/home/jetson/otonom/lidar_ws/install/ydlidar_ros2_driver/lib/python3.8/site-packages'
[22.498s] Level 1:colcon.colcon_core.environment:checking '/home/jetson/otonom/lidar_ws/install/ydlidar_ros2_driver/bin'
[22.500s] INFO:colcon.colcon_core.shell:Creating package script '/home/jetson/otonom/lidar_ws/install/ydlidar_ros2_driver/share/ydlidar_ros2_driver/package.ps1'
[22.503s] INFO:colcon.colcon_core.shell:Creating package descriptor '/home/jetson/otonom/lidar_ws/install/ydlidar_ros2_driver/share/ydlidar_ros2_driver/package.dsv'
[22.506s] INFO:colcon.colcon_core.shell:Creating package script '/home/jetson/otonom/lidar_ws/install/ydlidar_ros2_driver/share/ydlidar_ros2_driver/package.sh'
[22.511s] INFO:colcon.colcon_core.shell:Creating package script '/home/jetson/otonom/lidar_ws/install/ydlidar_ros2_driver/share/ydlidar_ros2_driver/package.bash'
[22.513s] INFO:colcon.colcon_core.shell:Creating package script '/home/jetson/otonom/lidar_ws/install/ydlidar_ros2_driver/share/ydlidar_ros2_driver/package.zsh'
[22.515s] Level 1:colcon.colcon_core.environment:create_file_with_runtime_dependencies(/home/jetson/otonom/lidar_ws/install/ydlidar_ros2_driver/share/colcon-core/packages/ydlidar_ros2_driver)
[22.516s] DEBUG:colcon.colcon_parallel_executor.executor.parallel:closing loop
[22.518s] DEBUG:colcon.colcon_parallel_executor.executor.parallel:loop closed
[22.520s] DEBUG:colcon.colcon_parallel_executor.executor.parallel:run_until_complete finished with '0'
[22.520s] DEBUG:colcon.colcon_core.event_reactor:joining thread
[22.565s] INFO:colcon.colcon_core.plugin_system:Skipping extension 'colcon_notification.desktop_notification.terminal_notifier': Not used on non-Darwin systems
[22.571s] INFO:colcon.colcon_core.plugin_system:Skipping extension 'colcon_notification.desktop_notification.win32': Not used on non-Windows systems
[22.571s] INFO:colcon.colcon_notification.desktop_notification:Sending desktop notification using 'notify2'
[22.660s] DEBUG:colcon.colcon_core.event_reactor:joined thread
[22.662s] INFO:colcon.colcon_core.shell:Creating prefix script '/home/jetson/otonom/lidar_ws/install/local_setup.ps1'
[22.670s] INFO:colcon.colcon_core.shell:Creating prefix util module '/home/jetson/otonom/lidar_ws/install/_local_setup_util_ps1.py'
[22.682s] INFO:colcon.colcon_core.shell:Creating prefix chain script '/home/jetson/otonom/lidar_ws/install/setup.ps1'
[22.693s] INFO:colcon.colcon_core.shell:Creating prefix script '/home/jetson/otonom/lidar_ws/install/local_setup.sh'
[22.698s] INFO:colcon.colcon_core.shell:Creating prefix util module '/home/jetson/otonom/lidar_ws/install/_local_setup_util_sh.py'
[22.703s] INFO:colcon.colcon_core.shell:Creating prefix chain script '/home/jetson/otonom/lidar_ws/install/setup.sh'
[22.714s] INFO:colcon.colcon_core.shell:Creating prefix script '/home/jetson/otonom/lidar_ws/install/local_setup.bash'
[22.719s] INFO:colcon.colcon_core.shell:Creating prefix chain script '/home/jetson/otonom/lidar_ws/install/setup.bash'
[22.730s] INFO:colcon.colcon_core.shell:Creating prefix script '/home/jetson/otonom/lidar_ws/install/local_setup.zsh'
[22.738s] INFO:colcon.colcon_core.shell:Creating prefix chain script '/home/jetson/otonom/lidar_ws/install/setup.zsh'
