[0.061s] Invoking command in '/home/jetson/otonom/lidar_ws/build/ydlidar_ros2_driver': CMAKE_PREFIX_PATH=${CMAKE_PREFIX_PATH}:/home/jetson/ros2_ws/install/um7:/home/jetson/ros2_ws/install/odometry:/home/jetson/ros2_ws/install/launch_files:/home/jetson/ros2_ws/install/imu_data:/home/jetson/ros2_ws/install/cv:/home/jetson/ros2_ws/install/camera_realsense:/home/jetson/ros2_ws/install/camera:/home/jetson/ros2_ws/install/IMU_odom:/opt/ros/foxy /usr/bin/cmake --build /home/jetson/otonom/lidar_ws/build/ydlidar_ros2_driver -- -j4 -l4
[0.488s] [100%] Built target ydlidar_ros2_driver_node
[0.489s] [100%] Built target ydlidar_ros2_driver_client
[0.528s] Invoked command in '/home/jetson/otonom/lidar_ws/build/ydlidar_ros2_driver' returned '0': CMAKE_PREFIX_PATH=${CMAKE_PREFIX_PATH}:/home/jetson/ros2_ws/install/um7:/home/jetson/ros2_ws/install/odometry:/home/jetson/ros2_ws/install/launch_files:/home/jetson/ros2_ws/install/imu_data:/home/jetson/ros2_ws/install/cv:/home/jetson/ros2_ws/install/camera_realsense:/home/jetson/ros2_ws/install/camera:/home/jetson/ros2_ws/install/IMU_odom:/opt/ros/foxy /usr/bin/cmake --build /home/jetson/otonom/lidar_ws/build/ydlidar_ros2_driver -- -j4 -l4
[0.576s] Invoking command in '/home/jetson/otonom/lidar_ws/build/ydlidar_ros2_driver': CMAKE_PREFIX_PATH=${CMAKE_PREFIX_PATH}:/home/jetson/ros2_ws/install/um7:/home/jetson/ros2_ws/install/odometry:/home/jetson/ros2_ws/install/launch_files:/home/jetson/ros2_ws/install/imu_data:/home/jetson/ros2_ws/install/cv:/home/jetson/ros2_ws/install/camera_realsense:/home/jetson/ros2_ws/install/camera:/home/jetson/ros2_ws/install/IMU_odom:/opt/ros/foxy /usr/bin/cmake --install /home/jetson/otonom/lidar_ws/build/ydlidar_ros2_driver
[0.610s] -- Install configuration: ""
[0.611s] -- Up-to-date: /home/jetson/otonom/lidar_ws/install/ydlidar_ros2_driver/lib/ydlidar_ros2_driver/ydlidar_ros2_driver_node
[0.613s] -- Up-to-date: /home/jetson/otonom/lidar_ws/install/ydlidar_ros2_driver/lib/ydlidar_ros2_driver/ydlidar_ros2_driver_client
[0.614s] -- Up-to-date: /home/jetson/otonom/lidar_ws/install/ydlidar_ros2_driver/share/ydlidar_ros2_driver/launch
[0.616s] -- Up-to-date: /home/jetson/otonom/lidar_ws/install/ydlidar_ros2_driver/share/ydlidar_ros2_driver/launch/ydlidar.py
[0.617s] -- Up-to-date: /home/jetson/otonom/lidar_ws/install/ydlidar_ros2_driver/share/ydlidar_ros2_driver/launch/ydlidar_launch.py
[0.617s] -- Up-to-date: /home/jetson/otonom/lidar_ws/install/ydlidar_ros2_driver/share/ydlidar_ros2_driver/launch/ydlidar_launch_view.py
[0.618s] -- Up-to-date: /home/jetson/otonom/lidar_ws/install/ydlidar_ros2_driver/share/ydlidar_ros2_driver/params
[0.619s] -- Up-to-date: /home/jetson/otonom/lidar_ws/install/ydlidar_ros2_driver/share/ydlidar_ros2_driver/params/TEA.yaml
[0.620s] -- Up-to-date: /home/jetson/otonom/lidar_ws/install/ydlidar_ros2_driver/share/ydlidar_ros2_driver/params/GS2.yaml
[0.621s] -- Up-to-date: /home/jetson/otonom/lidar_ws/install/ydlidar_ros2_driver/share/ydlidar_ros2_driver/params/TminiPro.yaml
[0.621s] -- Up-to-date: /home/jetson/otonom/lidar_ws/install/ydlidar_ros2_driver/share/ydlidar_ros2_driver/params/X4-Pro.yaml
[0.622s] -- Up-to-date: /home/jetson/otonom/lidar_ws/install/ydlidar_ros2_driver/share/ydlidar_ros2_driver/params/TG.yaml
[0.622s] -- Up-to-date: /home/jetson/otonom/lidar_ws/install/ydlidar_ros2_driver/share/ydlidar_ros2_driver/params/G6.yaml
[0.623s] -- Up-to-date: /home/jetson/otonom/lidar_ws/install/ydlidar_ros2_driver/share/ydlidar_ros2_driver/params/X2.yaml
[0.623s] -- Installing: /home/jetson/otonom/lidar_ws/install/ydlidar_ros2_driver/share/ydlidar_ros2_driver/params/ydlidar.yaml
[0.623s] -- Up-to-date: /home/jetson/otonom/lidar_ws/install/ydlidar_ros2_driver/share/ydlidar_ros2_driver/params/X4.yaml
[0.624s] -- Up-to-date: /home/jetson/otonom/lidar_ws/install/ydlidar_ros2_driver/share/ydlidar_ros2_driver/params/G2.yaml
[0.624s] -- Up-to-date: /home/jetson/otonom/lidar_ws/install/ydlidar_ros2_driver/share/ydlidar_ros2_driver/params/G1.yaml
[0.625s] -- Up-to-date: /home/jetson/otonom/lidar_ws/install/ydlidar_ros2_driver/share/ydlidar_ros2_driver/startup
[0.625s] -- Up-to-date: /home/jetson/otonom/lidar_ws/install/ydlidar_ros2_driver/share/ydlidar_ros2_driver/startup/initenv.sh
[0.626s] -- Up-to-date: /home/jetson/otonom/lidar_ws/install/ydlidar_ros2_driver/share/ydlidar_ros2_driver/config
[0.626s] -- Up-to-date: /home/jetson/otonom/lidar_ws/install/ydlidar_ros2_driver/share/ydlidar_ros2_driver/config/ydlidar.rviz
[0.627s] -- Up-to-date: /home/jetson/otonom/lidar_ws/install/ydlidar_ros2_driver/share/ament_index/resource_index/package_run_dependencies/ydlidar_ros2_driver
[0.627s] -- Up-to-date: /home/jetson/otonom/lidar_ws/install/ydlidar_ros2_driver/share/ament_index/resource_index/parent_prefix_path/ydlidar_ros2_driver
[0.627s] -- Up-to-date: /home/jetson/otonom/lidar_ws/install/ydlidar_ros2_driver/share/ydlidar_ros2_driver/environment/ament_prefix_path.sh
[0.628s] -- Up-to-date: /home/jetson/otonom/lidar_ws/install/ydlidar_ros2_driver/share/ydlidar_ros2_driver/environment/ament_prefix_path.dsv
[0.628s] -- Up-to-date: /home/jetson/otonom/lidar_ws/install/ydlidar_ros2_driver/share/ydlidar_ros2_driver/environment/path.sh
[0.629s] -- Up-to-date: /home/jetson/otonom/lidar_ws/install/ydlidar_ros2_driver/share/ydlidar_ros2_driver/environment/path.dsv
[0.629s] -- Up-to-date: /home/jetson/otonom/lidar_ws/install/ydlidar_ros2_driver/share/ydlidar_ros2_driver/local_setup.bash
[0.630s] -- Up-to-date: /home/jetson/otonom/lidar_ws/install/ydlidar_ros2_driver/share/ydlidar_ros2_driver/local_setup.sh
[0.631s] -- Up-to-date: /home/jetson/otonom/lidar_ws/install/ydlidar_ros2_driver/share/ydlidar_ros2_driver/local_setup.zsh
[0.634s] -- Up-to-date: /home/jetson/otonom/lidar_ws/install/ydlidar_ros2_driver/share/ydlidar_ros2_driver/local_setup.dsv
[0.634s] -- Installing: /home/jetson/otonom/lidar_ws/install/ydlidar_ros2_driver/share/ydlidar_ros2_driver/package.dsv
[0.635s] -- Up-to-date: /home/jetson/otonom/lidar_ws/install/ydlidar_ros2_driver/share/ament_index/resource_index/packages/ydlidar_ros2_driver
[0.635s] -- Up-to-date: /home/jetson/otonom/lidar_ws/install/ydlidar_ros2_driver/share/ydlidar_ros2_driver/cmake/ydlidar_ros2_driverConfig.cmake
[0.637s] -- Up-to-date: /home/jetson/otonom/lidar_ws/install/ydlidar_ros2_driver/share/ydlidar_ros2_driver/cmake/ydlidar_ros2_driverConfig-version.cmake
[0.638s] -- Up-to-date: /home/jetson/otonom/lidar_ws/install/ydlidar_ros2_driver/share/ydlidar_ros2_driver/package.xml
[0.638s] Invoked command in '/home/jetson/otonom/lidar_ws/build/ydlidar_ros2_driver' returned '0': CMAKE_PREFIX_PATH=${CMAKE_PREFIX_PATH}:/home/jetson/ros2_ws/install/um7:/home/jetson/ros2_ws/install/odometry:/home/jetson/ros2_ws/install/launch_files:/home/jetson/ros2_ws/install/imu_data:/home/jetson/ros2_ws/install/cv:/home/jetson/ros2_ws/install/camera_realsense:/home/jetson/ros2_ws/install/camera:/home/jetson/ros2_ws/install/IMU_odom:/opt/ros/foxy /usr/bin/cmake --install /home/jetson/otonom/lidar_ws/build/ydlidar_ros2_driver
