[0.059s] Invoking command in '/home/jetson/otonom/lidar_ws/build/ydlidar_ros2_driver': CMAKE_PREFIX_PATH=${CMAKE_PREFIX_PATH}:/home/jetson/ros2_ws/install/odometry:/home/jetson/ros2_ws/install/camera_realsense:/home/jetson/ros2_ws/install/camera:/opt/ros/foxy /usr/bin/cmake --build /home/jetson/otonom/lidar_ws/build/ydlidar_ros2_driver -- -j4 -l4
[0.420s] [35m[1mScanning dependencies of target ydlidar_ros2_driver_node[0m
[0.488s] [ 50%] Built target ydlidar_ros2_driver_client
[0.549s] [ 75%] [32mBuilding CXX object CMakeFiles/ydlidar_ros2_driver_node.dir/src/ydlidar_ros2_driver_node.cpp.o[0m
[5.809s] [01m[K/home/jetson/otonom/lidar_ws/src/ydlidar_ros2_driver/src/ydlidar_ros2_driver_node.cpp:[m[K In lambda function:
[5.809s] [01m[K/home/jetson/otonom/lidar_ws/src/ydlidar_ros2_driver/src/ydlidar_ros2_driver_node.cpp:168:54:[m[K [01;35m[Kwarning: [m[Kunused parameter ‘[01m[Krequest_header[m[K’ [[01;35m[K-Wunused-parameter[m[K]
[5.810s]      [&laser]([01;35m[Kconst std::shared_ptr<rmw_request_id_t> request_header[m[K,
[5.810s]               [01;35m[K~~~~~~~~~~~~~~~~~~~~~~~~~~~~~~~~~~~~~~~~^~~~~~~~~~~~~~[m[K
[5.811s] [01m[K/home/jetson/otonom/lidar_ws/src/ydlidar_ros2_driver/src/ydlidar_ros2_driver_node.cpp:169:56:[m[K [01;35m[Kwarning: [m[Kunused parameter ‘[01m[Kreq[m[K’ [[01;35m[K-Wunused-parameter[m[K]
[5.811s]    [01;35m[Kconst std::shared_ptr<std_srvs::srv::Empty::Request> req[m[K,
[5.811s]    [01;35m[K~~~~~~~~~~~~~~~~~~~~~~~~~~~~~~~~~~~~~~~~~~~~~~~~~~~~~^~~[m[K
[5.812s] [01m[K/home/jetson/otonom/lidar_ws/src/ydlidar_ros2_driver/src/ydlidar_ros2_driver_node.cpp:170:51:[m[K [01;35m[Kwarning: [m[Kunused parameter ‘[01m[Kresponse[m[K’ [[01;35m[K-Wunused-parameter[m[K]
[5.812s]    [01;35m[Kstd::shared_ptr<std_srvs::srv::Empty::Response> response[m[K) -> bool
[5.813s]    [01;35m[K~~~~~~~~~~~~~~~~~~~~~~~~~~~~~~~~~~~~~~~~~~~~~~~~^~~~~~~~[m[K
[5.825s] [01m[K/home/jetson/otonom/lidar_ws/src/ydlidar_ros2_driver/src/ydlidar_ros2_driver_node.cpp:[m[K In lambda function:
[5.826s] [01m[K/home/jetson/otonom/lidar_ws/src/ydlidar_ros2_driver/src/ydlidar_ros2_driver_node.cpp:178:54:[m[K [01;35m[Kwarning: [m[Kunused parameter ‘[01m[Krequest_header[m[K’ [[01;35m[K-Wunused-parameter[m[K]
[5.826s]      [&laser]([01;35m[Kconst std::shared_ptr<rmw_request_id_t> request_header[m[K,
[5.827s]               [01;35m[K~~~~~~~~~~~~~~~~~~~~~~~~~~~~~~~~~~~~~~~~^~~~~~~~~~~~~~[m[K
[5.827s] [01m[K/home/jetson/otonom/lidar_ws/src/ydlidar_ros2_driver/src/ydlidar_ros2_driver_node.cpp:179:56:[m[K [01;35m[Kwarning: [m[Kunused parameter ‘[01m[Kreq[m[K’ [[01;35m[K-Wunused-parameter[m[K]
[5.827s]    [01;35m[Kconst std::shared_ptr<std_srvs::srv::Empty::Request> req[m[K,
[5.828s]    [01;35m[K~~~~~~~~~~~~~~~~~~~~~~~~~~~~~~~~~~~~~~~~~~~~~~~~~~~~~^~~[m[K
[5.828s] [01m[K/home/jetson/otonom/lidar_ws/src/ydlidar_ros2_driver/src/ydlidar_ros2_driver_node.cpp:180:51:[m[K [01;35m[Kwarning: [m[Kunused parameter ‘[01m[Kresponse[m[K’ [[01;35m[K-Wunused-parameter[m[K]
[5.829s]    [01;35m[Kstd::shared_ptr<std_srvs::srv::Empty::Response> response[m[K) -> bool
[5.829s]    [01;35m[K~~~~~~~~~~~~~~~~~~~~~~~~~~~~~~~~~~~~~~~~~~~~~~~~^~~~~~~~[m[K
[13.248s] [100%] [32m[1mLinking CXX executable ydlidar_ros2_driver_node[0m
[14.444s] [100%] Built target ydlidar_ros2_driver_node
[14.484s] Invoked command in '/home/jetson/otonom/lidar_ws/build/ydlidar_ros2_driver' returned '0': CMAKE_PREFIX_PATH=${CMAKE_PREFIX_PATH}:/home/jetson/ros2_ws/install/odometry:/home/jetson/ros2_ws/install/camera_realsense:/home/jetson/ros2_ws/install/camera:/opt/ros/foxy /usr/bin/cmake --build /home/jetson/otonom/lidar_ws/build/ydlidar_ros2_driver -- -j4 -l4
[14.526s] Invoking command in '/home/jetson/otonom/lidar_ws/build/ydlidar_ros2_driver': CMAKE_PREFIX_PATH=${CMAKE_PREFIX_PATH}:/home/jetson/ros2_ws/install/odometry:/home/jetson/ros2_ws/install/camera_realsense:/home/jetson/ros2_ws/install/camera:/opt/ros/foxy /usr/bin/cmake --install /home/jetson/otonom/lidar_ws/build/ydlidar_ros2_driver
[14.563s] -- Install configuration: ""
[14.563s] -- Installing: /home/jetson/otonom/lidar_ws/install/ydlidar_ros2_driver/lib/ydlidar_ros2_driver/ydlidar_ros2_driver_node
[14.571s] -- Set runtime path of "/home/jetson/otonom/lidar_ws/install/ydlidar_ros2_driver/lib/ydlidar_ros2_driver/ydlidar_ros2_driver_node" to ""
[14.573s] -- Up-to-date: /home/jetson/otonom/lidar_ws/install/ydlidar_ros2_driver/lib/ydlidar_ros2_driver/ydlidar_ros2_driver_client
[14.574s] -- Up-to-date: /home/jetson/otonom/lidar_ws/install/ydlidar_ros2_driver/share/ydlidar_ros2_driver/launch
[14.575s] -- Up-to-date: /home/jetson/otonom/lidar_ws/install/ydlidar_ros2_driver/share/ydlidar_ros2_driver/launch/ydlidar.py
[14.576s] -- Up-to-date: /home/jetson/otonom/lidar_ws/install/ydlidar_ros2_driver/share/ydlidar_ros2_driver/launch/ydlidar_launch.py
[14.576s] -- Up-to-date: /home/jetson/otonom/lidar_ws/install/ydlidar_ros2_driver/share/ydlidar_ros2_driver/launch/ydlidar_launch_view.py
[14.577s] -- Up-to-date: /home/jetson/otonom/lidar_ws/install/ydlidar_ros2_driver/share/ydlidar_ros2_driver/params
[14.577s] -- Up-to-date: /home/jetson/otonom/lidar_ws/install/ydlidar_ros2_driver/share/ydlidar_ros2_driver/params/TEA.yaml
[14.578s] -- Up-to-date: /home/jetson/otonom/lidar_ws/install/ydlidar_ros2_driver/share/ydlidar_ros2_driver/params/GS2.yaml
[14.578s] -- Up-to-date: /home/jetson/otonom/lidar_ws/install/ydlidar_ros2_driver/share/ydlidar_ros2_driver/params/TminiPro.yaml
[14.579s] -- Up-to-date: /home/jetson/otonom/lidar_ws/install/ydlidar_ros2_driver/share/ydlidar_ros2_driver/params/X4-Pro.yaml
[14.579s] -- Up-to-date: /home/jetson/otonom/lidar_ws/install/ydlidar_ros2_driver/share/ydlidar_ros2_driver/params/TG.yaml
[14.580s] -- Up-to-date: /home/jetson/otonom/lidar_ws/install/ydlidar_ros2_driver/share/ydlidar_ros2_driver/params/G6.yaml
[14.580s] -- Up-to-date: /home/jetson/otonom/lidar_ws/install/ydlidar_ros2_driver/share/ydlidar_ros2_driver/params/X2.yaml
[14.580s] -- Up-to-date: /home/jetson/otonom/lidar_ws/install/ydlidar_ros2_driver/share/ydlidar_ros2_driver/params/ydlidar.yaml
[14.581s] -- Up-to-date: /home/jetson/otonom/lidar_ws/install/ydlidar_ros2_driver/share/ydlidar_ros2_driver/params/X4.yaml
[14.581s] -- Up-to-date: /home/jetson/otonom/lidar_ws/install/ydlidar_ros2_driver/share/ydlidar_ros2_driver/params/G2.yaml
[14.582s] -- Up-to-date: /home/jetson/otonom/lidar_ws/install/ydlidar_ros2_driver/share/ydlidar_ros2_driver/params/G1.yaml
[14.582s] -- Up-to-date: /home/jetson/otonom/lidar_ws/install/ydlidar_ros2_driver/share/ydlidar_ros2_driver/startup
[14.583s] -- Up-to-date: /home/jetson/otonom/lidar_ws/install/ydlidar_ros2_driver/share/ydlidar_ros2_driver/startup/initenv.sh
[14.583s] -- Up-to-date: /home/jetson/otonom/lidar_ws/install/ydlidar_ros2_driver/share/ydlidar_ros2_driver/config
[14.583s] -- Up-to-date: /home/jetson/otonom/lidar_ws/install/ydlidar_ros2_driver/share/ydlidar_ros2_driver/config/ydlidar.rviz
[14.584s] -- Up-to-date: /home/jetson/otonom/lidar_ws/install/ydlidar_ros2_driver/share/ament_index/resource_index/package_run_dependencies/ydlidar_ros2_driver
[14.584s] -- Up-to-date: /home/jetson/otonom/lidar_ws/install/ydlidar_ros2_driver/share/ament_index/resource_index/parent_prefix_path/ydlidar_ros2_driver
[14.585s] -- Up-to-date: /home/jetson/otonom/lidar_ws/install/ydlidar_ros2_driver/share/ydlidar_ros2_driver/environment/ament_prefix_path.sh
[14.585s] -- Up-to-date: /home/jetson/otonom/lidar_ws/install/ydlidar_ros2_driver/share/ydlidar_ros2_driver/environment/ament_prefix_path.dsv
[14.587s] -- Up-to-date: /home/jetson/otonom/lidar_ws/install/ydlidar_ros2_driver/share/ydlidar_ros2_driver/environment/path.sh
[14.589s] -- Up-to-date: /home/jetson/otonom/lidar_ws/install/ydlidar_ros2_driver/share/ydlidar_ros2_driver/environment/path.dsv
[14.590s] -- Up-to-date: /home/jetson/otonom/lidar_ws/install/ydlidar_ros2_driver/share/ydlidar_ros2_driver/local_setup.bash
[14.590s] -- Up-to-date: /home/jetson/otonom/lidar_ws/install/ydlidar_ros2_driver/share/ydlidar_ros2_driver/local_setup.sh
[14.591s] -- Up-to-date: /home/jetson/otonom/lidar_ws/install/ydlidar_ros2_driver/share/ydlidar_ros2_driver/local_setup.zsh
[14.591s] -- Up-to-date: /home/jetson/otonom/lidar_ws/install/ydlidar_ros2_driver/share/ydlidar_ros2_driver/local_setup.dsv
[14.592s] -- Installing: /home/jetson/otonom/lidar_ws/install/ydlidar_ros2_driver/share/ydlidar_ros2_driver/package.dsv
[14.593s] -- Up-to-date: /home/jetson/otonom/lidar_ws/install/ydlidar_ros2_driver/share/ament_index/resource_index/packages/ydlidar_ros2_driver
[14.594s] -- Up-to-date: /home/jetson/otonom/lidar_ws/install/ydlidar_ros2_driver/share/ydlidar_ros2_driver/cmake/ydlidar_ros2_driverConfig.cmake
[14.594s] -- Up-to-date: /home/jetson/otonom/lidar_ws/install/ydlidar_ros2_driver/share/ydlidar_ros2_driver/cmake/ydlidar_ros2_driverConfig-version.cmake
[14.595s] -- Up-to-date: /home/jetson/otonom/lidar_ws/install/ydlidar_ros2_driver/share/ydlidar_ros2_driver/package.xml
[14.596s] Invoked command in '/home/jetson/otonom/lidar_ws/build/ydlidar_ros2_driver' returned '0': CMAKE_PREFIX_PATH=${CMAKE_PREFIX_PATH}:/home/jetson/ros2_ws/install/odometry:/home/jetson/ros2_ws/install/camera_realsense:/home/jetson/ros2_ws/install/camera:/opt/ros/foxy /usr/bin/cmake --install /home/jetson/otonom/lidar_ws/build/ydlidar_ros2_driver
