[01m[K/home/jetson/otonom/lidar_ws/src/ydlidar_ros2_driver/src/ydlidar_ros2_driver_node.cpp:[m[K In lambda function:
[01m[K/home/jetson/otonom/lidar_ws/src/ydlidar_ros2_driver/src/ydlidar_ros2_driver_node.cpp:168:54:[m[K [01;35m[Kwarning: [m[Kunused parameter ‘[01m[Krequest_header[m[K’ [[01;35m[K-Wunused-parameter[m[K]
     [&laser]([01;35m[Kconst std::shared_ptr<rmw_request_id_t> request_header[m[K,
              [01;35m[K~~~~~~~~~~~~~~~~~~~~~~~~~~~~~~~~~~~~~~~~^~~~~~~~~~~~~~[m[K
[01m[K/home/jetson/otonom/lidar_ws/src/ydlidar_ros2_driver/src/ydlidar_ros2_driver_node.cpp:169:56:[m[K [01;35m[Kwarning: [m[Kunused parameter ‘[01m[Kreq[m[K’ [[01;35m[K-Wunused-parameter[m[K]
   [01;35m[Kconst std::shared_ptr<std_srvs::srv::Empty::Request> req[m[K,
   [01;35m[K~~~~~~~~~~~~~~~~~~~~~~~~~~~~~~~~~~~~~~~~~~~~~~~~~~~~~^~~[m[K
[01m[K/home/jetson/otonom/lidar_ws/src/ydlidar_ros2_driver/src/ydlidar_ros2_driver_node.cpp:170:51:[m[K [01;35m[Kwarning: [m[Kunused parameter ‘[01m[Kresponse[m[K’ [[01;35m[K-Wunused-parameter[m[K]
   [01;35m[Kstd::shared_ptr<std_srvs::srv::Empty::Response> response[m[K) -> bool
   [01;35m[K~~~~~~~~~~~~~~~~~~~~~~~~~~~~~~~~~~~~~~~~~~~~~~~~^~~~~~~~[m[K
[01m[K/home/jetson/otonom/lidar_ws/src/ydlidar_ros2_driver/src/ydlidar_ros2_driver_node.cpp:[m[K In lambda function:
[01m[K/home/jetson/otonom/lidar_ws/src/ydlidar_ros2_driver/src/ydlidar_ros2_driver_node.cpp:178:54:[m[K [01;35m[Kwarning: [m[Kunused parameter ‘[01m[Krequest_header[m[K’ [[01;35m[K-Wunused-parameter[m[K]
     [&laser]([01;35m[Kconst std::shared_ptr<rmw_request_id_t> request_header[m[K,
              [01;35m[K~~~~~~~~~~~~~~~~~~~~~~~~~~~~~~~~~~~~~~~~^~~~~~~~~~~~~~[m[K
[01m[K/home/jetson/otonom/lidar_ws/src/ydlidar_ros2_driver/src/ydlidar_ros2_driver_node.cpp:179:56:[m[K [01;35m[Kwarning: [m[Kunused parameter ‘[01m[Kreq[m[K’ [[01;35m[K-Wunused-parameter[m[K]
   [01;35m[Kconst std::shared_ptr<std_srvs::srv::Empty::Request> req[m[K,
   [01;35m[K~~~~~~~~~~~~~~~~~~~~~~~~~~~~~~~~~~~~~~~~~~~~~~~~~~~~~^~~[m[K
[01m[K/home/jetson/otonom/lidar_ws/src/ydlidar_ros2_driver/src/ydlidar_ros2_driver_node.cpp:180:51:[m[K [01;35m[Kwarning: [m[Kunused parameter ‘[01m[Kresponse[m[K’ [[01;35m[K-Wunused-parameter[m[K]
   [01;35m[Kstd::shared_ptr<std_srvs::srv::Empty::Response> response[m[K) -> bool
   [01;35m[K~~~~~~~~~~~~~~~~~~~~~~~~~~~~~~~~~~~~~~~~~~~~~~~~^~~~~~~~[m[K
[01m[K/home/jetson/otonom/lidar_ws/src/ydlidar_ros2_driver/src/ydlidar_ros2_driver_node.cpp:[m[K In function ‘[01m[Kint main(int, char**)[m[K’:
[01m[K/home/jetson/otonom/lidar_ws/src/ydlidar_ros2_driver/src/ydlidar_ros2_driver_node.cpp:201:17:[m[K [01;31m[Kerror: [m[K‘[01m[Kusing element_type = struct sensor_msgs::msg::LaserScan_<std::allocator<void> >[m[K’ {aka ‘[01m[Kstruct sensor_msgs::msg::LaserScan_<std::allocator<void> >[m[K’} has no member named ‘[01m[Kscan[m[K’
       scan_msg->[01;31m[Kscan[m[K.config.max_angle;
                 [01;31m[K^~~~[m[K
make[2]: *** [CMakeFiles/ydlidar_ros2_driver_node.dir/build.make:63: CMakeFiles/ydlidar_ros2_driver_node.dir/src/ydlidar_ros2_driver_node.cpp.o] Error 1
make[1]: *** [CMakeFiles/Makefile2:107: CMakeFiles/ydlidar_ros2_driver_node.dir/all] Error 2
make: *** [Makefile:141: all] Error 2
