[0.050s] Invoking command in '/home/jetson/otonom/lidar_ws/build/ydlidar_ros2_driver': CMAKE_PREFIX_PATH=${CMAKE_PREFIX_PATH}:/home/jetson/ros2_ws/install/um7:/home/jetson/ros2_ws/install/odometry:/home/jetson/ros2_ws/install/launch_files:/home/jetson/ros2_ws/install/imu_data:/home/jetson/ros2_ws/install/cv:/home/jetson/ros2_ws/install/camera_realsense:/home/jetson/ros2_ws/install/camera:/home/jetson/ros2_ws/install/IMU_odom:/opt/ros/foxy /usr/bin/cmake --build /home/jetson/otonom/lidar_ws/build/ydlidar_ros2_driver -- -j4 -l4
[0.238s] [35m[1mScanning dependencies of target ydlidar_ros2_driver_node[0m
[0.295s] [ 50%] Built target ydlidar_ros2_driver_client
[0.370s] [ 75%] [32mBuilding CXX object CMakeFiles/ydlidar_ros2_driver_node.dir/src/ydlidar_ros2_driver_node.cpp.o[0m
[5.184s] [01m[K/home/jetson/otonom/lidar_ws/src/ydlidar_ros2_driver/src/ydlidar_ros2_driver_node.cpp:[m[K In lambda function:
[5.185s] [01m[K/home/jetson/otonom/lidar_ws/src/ydlidar_ros2_driver/src/ydlidar_ros2_driver_node.cpp:168:54:[m[K [01;35m[Kwarning: [m[Kunused parameter ‘[01m[Krequest_header[m[K’ [[01;35m[K-Wunused-parameter[m[K]
[5.185s]      [&laser]([01;35m[Kconst std::shared_ptr<rmw_request_id_t> request_header[m[K,
[5.185s]               [01;35m[K~~~~~~~~~~~~~~~~~~~~~~~~~~~~~~~~~~~~~~~~^~~~~~~~~~~~~~[m[K
[5.186s] [01m[K/home/jetson/otonom/lidar_ws/src/ydlidar_ros2_driver/src/ydlidar_ros2_driver_node.cpp:169:56:[m[K [01;35m[Kwarning: [m[Kunused parameter ‘[01m[Kreq[m[K’ [[01;35m[K-Wunused-parameter[m[K]
[5.186s]    [01;35m[Kconst std::shared_ptr<std_srvs::srv::Empty::Request> req[m[K,
[5.187s]    [01;35m[K~~~~~~~~~~~~~~~~~~~~~~~~~~~~~~~~~~~~~~~~~~~~~~~~~~~~~^~~[m[K
[5.187s] [01m[K/home/jetson/otonom/lidar_ws/src/ydlidar_ros2_driver/src/ydlidar_ros2_driver_node.cpp:170:51:[m[K [01;35m[Kwarning: [m[Kunused parameter ‘[01m[Kresponse[m[K’ [[01;35m[K-Wunused-parameter[m[K]
[5.187s]    [01;35m[Kstd::shared_ptr<std_srvs::srv::Empty::Response> response[m[K) -> bool
[5.188s]    [01;35m[K~~~~~~~~~~~~~~~~~~~~~~~~~~~~~~~~~~~~~~~~~~~~~~~~^~~~~~~~[m[K
[5.202s] [01m[K/home/jetson/otonom/lidar_ws/src/ydlidar_ros2_driver/src/ydlidar_ros2_driver_node.cpp:[m[K In lambda function:
[5.203s] [01m[K/home/jetson/otonom/lidar_ws/src/ydlidar_ros2_driver/src/ydlidar_ros2_driver_node.cpp:178:54:[m[K [01;35m[Kwarning: [m[Kunused parameter ‘[01m[Krequest_header[m[K’ [[01;35m[K-Wunused-parameter[m[K]
[5.203s]      [&laser]([01;35m[Kconst std::shared_ptr<rmw_request_id_t> request_header[m[K,
[5.204s]               [01;35m[K~~~~~~~~~~~~~~~~~~~~~~~~~~~~~~~~~~~~~~~~^~~~~~~~~~~~~~[m[K
[5.204s] [01m[K/home/jetson/otonom/lidar_ws/src/ydlidar_ros2_driver/src/ydlidar_ros2_driver_node.cpp:179:56:[m[K [01;35m[Kwarning: [m[Kunused parameter ‘[01m[Kreq[m[K’ [[01;35m[K-Wunused-parameter[m[K]
[5.205s]    [01;35m[Kconst std::shared_ptr<std_srvs::srv::Empty::Request> req[m[K,
[5.205s]    [01;35m[K~~~~~~~~~~~~~~~~~~~~~~~~~~~~~~~~~~~~~~~~~~~~~~~~~~~~~^~~[m[K
[5.206s] [01m[K/home/jetson/otonom/lidar_ws/src/ydlidar_ros2_driver/src/ydlidar_ros2_driver_node.cpp:180:51:[m[K [01;35m[Kwarning: [m[Kunused parameter ‘[01m[Kresponse[m[K’ [[01;35m[K-Wunused-parameter[m[K]
[5.206s]    [01;35m[Kstd::shared_ptr<std_srvs::srv::Empty::Response> response[m[K) -> bool
[5.207s]    [01;35m[K~~~~~~~~~~~~~~~~~~~~~~~~~~~~~~~~~~~~~~~~~~~~~~~~^~~~~~~~[m[K
[13.178s] [100%] [32m[1mLinking CXX executable ydlidar_ros2_driver_node[0m
[14.276s] [100%] Built target ydlidar_ros2_driver_node
[14.318s] Invoked command in '/home/jetson/otonom/lidar_ws/build/ydlidar_ros2_driver' returned '0': CMAKE_PREFIX_PATH=${CMAKE_PREFIX_PATH}:/home/jetson/ros2_ws/install/um7:/home/jetson/ros2_ws/install/odometry:/home/jetson/ros2_ws/install/launch_files:/home/jetson/ros2_ws/install/imu_data:/home/jetson/ros2_ws/install/cv:/home/jetson/ros2_ws/install/camera_realsense:/home/jetson/ros2_ws/install/camera:/home/jetson/ros2_ws/install/IMU_odom:/opt/ros/foxy /usr/bin/cmake --build /home/jetson/otonom/lidar_ws/build/ydlidar_ros2_driver -- -j4 -l4
[14.360s] Invoking command in '/home/jetson/otonom/lidar_ws/build/ydlidar_ros2_driver': CMAKE_PREFIX_PATH=${CMAKE_PREFIX_PATH}:/home/jetson/ros2_ws/install/um7:/home/jetson/ros2_ws/install/odometry:/home/jetson/ros2_ws/install/launch_files:/home/jetson/ros2_ws/install/imu_data:/home/jetson/ros2_ws/install/cv:/home/jetson/ros2_ws/install/camera_realsense:/home/jetson/ros2_ws/install/camera:/home/jetson/ros2_ws/install/IMU_odom:/opt/ros/foxy /usr/bin/cmake --install /home/jetson/otonom/lidar_ws/build/ydlidar_ros2_driver
[14.395s] -- Install configuration: ""
[14.396s] -- Installing: /home/jetson/otonom/lidar_ws/install/ydlidar_ros2_driver/lib/ydlidar_ros2_driver/ydlidar_ros2_driver_node
[14.405s] -- Set runtime path of "/home/jetson/otonom/lidar_ws/install/ydlidar_ros2_driver/lib/ydlidar_ros2_driver/ydlidar_ros2_driver_node" to ""
[14.406s] -- Up-to-date: /home/jetson/otonom/lidar_ws/install/ydlidar_ros2_driver/lib/ydlidar_ros2_driver/ydlidar_ros2_driver_client
[14.407s] -- Up-to-date: /home/jetson/otonom/lidar_ws/install/ydlidar_ros2_driver/share/ydlidar_ros2_driver/launch
[14.407s] -- Up-to-date: /home/jetson/otonom/lidar_ws/install/ydlidar_ros2_driver/share/ydlidar_ros2_driver/launch/ydlidar.py
[14.408s] -- Up-to-date: /home/jetson/otonom/lidar_ws/install/ydlidar_ros2_driver/share/ydlidar_ros2_driver/launch/ydlidar_launch.py
[14.409s] -- Up-to-date: /home/jetson/otonom/lidar_ws/install/ydlidar_ros2_driver/share/ydlidar_ros2_driver/launch/ydlidar_launch_view.py
[14.409s] -- Up-to-date: /home/jetson/otonom/lidar_ws/install/ydlidar_ros2_driver/share/ydlidar_ros2_driver/params
[14.410s] -- Up-to-date: /home/jetson/otonom/lidar_ws/install/ydlidar_ros2_driver/share/ydlidar_ros2_driver/params/TEA.yaml
[14.411s] -- Up-to-date: /home/jetson/otonom/lidar_ws/install/ydlidar_ros2_driver/share/ydlidar_ros2_driver/params/GS2.yaml
[14.411s] -- Up-to-date: /home/jetson/otonom/lidar_ws/install/ydlidar_ros2_driver/share/ydlidar_ros2_driver/params/TminiPro.yaml
[14.412s] -- Up-to-date: /home/jetson/otonom/lidar_ws/install/ydlidar_ros2_driver/share/ydlidar_ros2_driver/params/X4-Pro.yaml
[14.412s] -- Up-to-date: /home/jetson/otonom/lidar_ws/install/ydlidar_ros2_driver/share/ydlidar_ros2_driver/params/TG.yaml
[14.413s] -- Up-to-date: /home/jetson/otonom/lidar_ws/install/ydlidar_ros2_driver/share/ydlidar_ros2_driver/params/G6.yaml
[14.414s] -- Up-to-date: /home/jetson/otonom/lidar_ws/install/ydlidar_ros2_driver/share/ydlidar_ros2_driver/params/X2.yaml
[14.414s] -- Installing: /home/jetson/otonom/lidar_ws/install/ydlidar_ros2_driver/share/ydlidar_ros2_driver/params/ydlidar.yaml
[14.415s] -- Up-to-date: /home/jetson/otonom/lidar_ws/install/ydlidar_ros2_driver/share/ydlidar_ros2_driver/params/X4.yaml
[14.415s] -- Up-to-date: /home/jetson/otonom/lidar_ws/install/ydlidar_ros2_driver/share/ydlidar_ros2_driver/params/G2.yaml
[14.416s] -- Up-to-date: /home/jetson/otonom/lidar_ws/install/ydlidar_ros2_driver/share/ydlidar_ros2_driver/params/G1.yaml
[14.416s] -- Up-to-date: /home/jetson/otonom/lidar_ws/install/ydlidar_ros2_driver/share/ydlidar_ros2_driver/startup
[14.417s] -- Up-to-date: /home/jetson/otonom/lidar_ws/install/ydlidar_ros2_driver/share/ydlidar_ros2_driver/startup/initenv.sh
[14.417s] -- Up-to-date: /home/jetson/otonom/lidar_ws/install/ydlidar_ros2_driver/share/ydlidar_ros2_driver/config
[14.420s] -- Up-to-date: /home/jetson/otonom/lidar_ws/install/ydlidar_ros2_driver/share/ydlidar_ros2_driver/config/ydlidar.rviz
[14.422s] -- Up-to-date: /home/jetson/otonom/lidar_ws/install/ydlidar_ros2_driver/share/ament_index/resource_index/package_run_dependencies/ydlidar_ros2_driver
[14.423s] -- Up-to-date: /home/jetson/otonom/lidar_ws/install/ydlidar_ros2_driver/share/ament_index/resource_index/parent_prefix_path/ydlidar_ros2_driver
[14.423s] -- Up-to-date: /home/jetson/otonom/lidar_ws/install/ydlidar_ros2_driver/share/ydlidar_ros2_driver/environment/ament_prefix_path.sh
[14.424s] -- Up-to-date: /home/jetson/otonom/lidar_ws/install/ydlidar_ros2_driver/share/ydlidar_ros2_driver/environment/ament_prefix_path.dsv
[14.425s] -- Up-to-date: /home/jetson/otonom/lidar_ws/install/ydlidar_ros2_driver/share/ydlidar_ros2_driver/environment/path.sh
[14.426s] -- Up-to-date: /home/jetson/otonom/lidar_ws/install/ydlidar_ros2_driver/share/ydlidar_ros2_driver/environment/path.dsv
[14.427s] -- Up-to-date: /home/jetson/otonom/lidar_ws/install/ydlidar_ros2_driver/share/ydlidar_ros2_driver/local_setup.bash
[14.428s] -- Up-to-date: /home/jetson/otonom/lidar_ws/install/ydlidar_ros2_driver/share/ydlidar_ros2_driver/local_setup.sh
[14.428s] -- Up-to-date: /home/jetson/otonom/lidar_ws/install/ydlidar_ros2_driver/share/ydlidar_ros2_driver/local_setup.zsh
[14.429s] -- Up-to-date: /home/jetson/otonom/lidar_ws/install/ydlidar_ros2_driver/share/ydlidar_ros2_driver/local_setup.dsv
[14.429s] -- Installing: /home/jetson/otonom/lidar_ws/install/ydlidar_ros2_driver/share/ydlidar_ros2_driver/package.dsv
[14.430s] -- Up-to-date: /home/jetson/otonom/lidar_ws/install/ydlidar_ros2_driver/share/ament_index/resource_index/packages/ydlidar_ros2_driver
[14.431s] -- Up-to-date: /home/jetson/otonom/lidar_ws/install/ydlidar_ros2_driver/share/ydlidar_ros2_driver/cmake/ydlidar_ros2_driverConfig.cmake
[14.431s] -- Up-to-date: /home/jetson/otonom/lidar_ws/install/ydlidar_ros2_driver/share/ydlidar_ros2_driver/cmake/ydlidar_ros2_driverConfig-version.cmake
[14.432s] -- Up-to-date: /home/jetson/otonom/lidar_ws/install/ydlidar_ros2_driver/share/ydlidar_ros2_driver/package.xml
[14.433s] Invoked command in '/home/jetson/otonom/lidar_ws/build/ydlidar_ros2_driver' returned '0': CMAKE_PREFIX_PATH=${CMAKE_PREFIX_PATH}:/home/jetson/ros2_ws/install/um7:/home/jetson/ros2_ws/install/odometry:/home/jetson/ros2_ws/install/launch_files:/home/jetson/ros2_ws/install/imu_data:/home/jetson/ros2_ws/install/cv:/home/jetson/ros2_ws/install/camera_realsense:/home/jetson/ros2_ws/install/camera:/home/jetson/ros2_ws/install/IMU_odom:/opt/ros/foxy /usr/bin/cmake --install /home/jetson/otonom/lidar_ws/build/ydlidar_ros2_driver
