[ 50%] Built target ydlidar_ros2_driver_client
[35m[1mScanning dependencies of target ydlidar_ros2_driver_node[0m
[ 75%] [32mBuilding CXX object CMakeFiles/ydlidar_ros2_driver_node.dir/src/ydlidar_ros2_driver_node.cpp.o[0m
[01m[K/home/jetson/otonom/lidar_ws/src/ydlidar_ros2_driver/src/ydlidar_ros2_driver_node.cpp:[m[K In lambda function:
[01m[K/home/jetson/otonom/lidar_ws/src/ydlidar_ros2_driver/src/ydlidar_ros2_driver_node.cpp:168:54:[m[K [01;35m[Kwarning: [m[Kunused parameter ‘[01m[Krequest_header[m[K’ [[01;35m[K-Wunused-parameter[m[K]
     [&laser]([01;35m[Kconst std::shared_ptr<rmw_request_id_t> request_header[m[K,
              [01;35m[K~~~~~~~~~~~~~~~~~~~~~~~~~~~~~~~~~~~~~~~~^~~~~~~~~~~~~~[m[K
[01m[K/home/jetson/otonom/lidar_ws/src/ydlidar_ros2_driver/src/ydlidar_ros2_driver_node.cpp:169:56:[m[K [01;35m[Kwarning: [m[Kunused parameter ‘[01m[Kreq[m[K’ [[01;35m[K-Wunused-parameter[m[K]
   [01;35m[Kconst std::shared_ptr<std_srvs::srv::Empty::Request> req[m[K,
   [01;35m[K~~~~~~~~~~~~~~~~~~~~~~~~~~~~~~~~~~~~~~~~~~~~~~~~~~~~~^~~[m[K
[01m[K/home/jetson/otonom/lidar_ws/src/ydlidar_ros2_driver/src/ydlidar_ros2_driver_node.cpp:170:51:[m[K [01;35m[Kwarning: [m[Kunused parameter ‘[01m[Kresponse[m[K’ [[01;35m[K-Wunused-parameter[m[K]
   [01;35m[Kstd::shared_ptr<std_srvs::srv::Empty::Response> response[m[K) -> bool
   [01;35m[K~~~~~~~~~~~~~~~~~~~~~~~~~~~~~~~~~~~~~~~~~~~~~~~~^~~~~~~~[m[K
[01m[K/home/jetson/otonom/lidar_ws/src/ydlidar_ros2_driver/src/ydlidar_ros2_driver_node.cpp:[m[K In lambda function:
[01m[K/home/jetson/otonom/lidar_ws/src/ydlidar_ros2_driver/src/ydlidar_ros2_driver_node.cpp:178:54:[m[K [01;35m[Kwarning: [m[Kunused parameter ‘[01m[Krequest_header[m[K’ [[01;35m[K-Wunused-parameter[m[K]
     [&laser]([01;35m[Kconst std::shared_ptr<rmw_request_id_t> request_header[m[K,
              [01;35m[K~~~~~~~~~~~~~~~~~~~~~~~~~~~~~~~~~~~~~~~~^~~~~~~~~~~~~~[m[K
[01m[K/home/jetson/otonom/lidar_ws/src/ydlidar_ros2_driver/src/ydlidar_ros2_driver_node.cpp:179:56:[m[K [01;35m[Kwarning: [m[Kunused parameter ‘[01m[Kreq[m[K’ [[01;35m[K-Wunused-parameter[m[K]
   [01;35m[Kconst std::shared_ptr<std_srvs::srv::Empty::Request> req[m[K,
   [01;35m[K~~~~~~~~~~~~~~~~~~~~~~~~~~~~~~~~~~~~~~~~~~~~~~~~~~~~~^~~[m[K
[01m[K/home/jetson/otonom/lidar_ws/src/ydlidar_ros2_driver/src/ydlidar_ros2_driver_node.cpp:180:51:[m[K [01;35m[Kwarning: [m[Kunused parameter ‘[01m[Kresponse[m[K’ [[01;35m[K-Wunused-parameter[m[K]
   [01;35m[Kstd::shared_ptr<std_srvs::srv::Empty::Response> response[m[K) -> bool
   [01;35m[K~~~~~~~~~~~~~~~~~~~~~~~~~~~~~~~~~~~~~~~~~~~~~~~~^~~~~~~~[m[K
[100%] [32m[1mLinking CXX executable ydlidar_ros2_driver_node[0m
[100%] Built target ydlidar_ros2_driver_node
-- Install configuration: ""
-- Installing: /home/jetson/otonom/lidar_ws/install/ydlidar_ros2_driver/lib/ydlidar_ros2_driver/ydlidar_ros2_driver_node
-- Set runtime path of "/home/jetson/otonom/lidar_ws/install/ydlidar_ros2_driver/lib/ydlidar_ros2_driver/ydlidar_ros2_driver_node" to ""
-- Up-to-date: /home/jetson/otonom/lidar_ws/install/ydlidar_ros2_driver/lib/ydlidar_ros2_driver/ydlidar_ros2_driver_client
-- Up-to-date: /home/jetson/otonom/lidar_ws/install/ydlidar_ros2_driver/share/ydlidar_ros2_driver/launch
-- Up-to-date: /home/jetson/otonom/lidar_ws/install/ydlidar_ros2_driver/share/ydlidar_ros2_driver/launch/ydlidar.py
-- Up-to-date: /home/jetson/otonom/lidar_ws/install/ydlidar_ros2_driver/share/ydlidar_ros2_driver/launch/ydlidar_launch.py
-- Up-to-date: /home/jetson/otonom/lidar_ws/install/ydlidar_ros2_driver/share/ydlidar_ros2_driver/launch/ydlidar_launch_view.py
-- Up-to-date: /home/jetson/otonom/lidar_ws/install/ydlidar_ros2_driver/share/ydlidar_ros2_driver/params
-- Up-to-date: /home/jetson/otonom/lidar_ws/install/ydlidar_ros2_driver/share/ydlidar_ros2_driver/params/TEA.yaml
-- Up-to-date: /home/jetson/otonom/lidar_ws/install/ydlidar_ros2_driver/share/ydlidar_ros2_driver/params/GS2.yaml
-- Up-to-date: /home/jetson/otonom/lidar_ws/install/ydlidar_ros2_driver/share/ydlidar_ros2_driver/params/TminiPro.yaml
-- Up-to-date: /home/jetson/otonom/lidar_ws/install/ydlidar_ros2_driver/share/ydlidar_ros2_driver/params/X4-Pro.yaml
-- Up-to-date: /home/jetson/otonom/lidar_ws/install/ydlidar_ros2_driver/share/ydlidar_ros2_driver/params/TG.yaml
-- Up-to-date: /home/jetson/otonom/lidar_ws/install/ydlidar_ros2_driver/share/ydlidar_ros2_driver/params/G6.yaml
-- Up-to-date: /home/jetson/otonom/lidar_ws/install/ydlidar_ros2_driver/share/ydlidar_ros2_driver/params/X2.yaml
-- Installing: /home/jetson/otonom/lidar_ws/install/ydlidar_ros2_driver/share/ydlidar_ros2_driver/params/ydlidar.yaml
-- Up-to-date: /home/jetson/otonom/lidar_ws/install/ydlidar_ros2_driver/share/ydlidar_ros2_driver/params/X4.yaml
-- Up-to-date: /home/jetson/otonom/lidar_ws/install/ydlidar_ros2_driver/share/ydlidar_ros2_driver/params/G2.yaml
-- Up-to-date: /home/jetson/otonom/lidar_ws/install/ydlidar_ros2_driver/share/ydlidar_ros2_driver/params/G1.yaml
-- Up-to-date: /home/jetson/otonom/lidar_ws/install/ydlidar_ros2_driver/share/ydlidar_ros2_driver/startup
-- Up-to-date: /home/jetson/otonom/lidar_ws/install/ydlidar_ros2_driver/share/ydlidar_ros2_driver/startup/initenv.sh
-- Up-to-date: /home/jetson/otonom/lidar_ws/install/ydlidar_ros2_driver/share/ydlidar_ros2_driver/config
-- Up-to-date: /home/jetson/otonom/lidar_ws/install/ydlidar_ros2_driver/share/ydlidar_ros2_driver/config/ydlidar.rviz
-- Up-to-date: /home/jetson/otonom/lidar_ws/install/ydlidar_ros2_driver/share/ament_index/resource_index/package_run_dependencies/ydlidar_ros2_driver
-- Up-to-date: /home/jetson/otonom/lidar_ws/install/ydlidar_ros2_driver/share/ament_index/resource_index/parent_prefix_path/ydlidar_ros2_driver
-- Up-to-date: /home/jetson/otonom/lidar_ws/install/ydlidar_ros2_driver/share/ydlidar_ros2_driver/environment/ament_prefix_path.sh
-- Up-to-date: /home/jetson/otonom/lidar_ws/install/ydlidar_ros2_driver/share/ydlidar_ros2_driver/environment/ament_prefix_path.dsv
-- Up-to-date: /home/jetson/otonom/lidar_ws/install/ydlidar_ros2_driver/share/ydlidar_ros2_driver/environment/path.sh
-- Up-to-date: /home/jetson/otonom/lidar_ws/install/ydlidar_ros2_driver/share/ydlidar_ros2_driver/environment/path.dsv
-- Up-to-date: /home/jetson/otonom/lidar_ws/install/ydlidar_ros2_driver/share/ydlidar_ros2_driver/local_setup.bash
-- Up-to-date: /home/jetson/otonom/lidar_ws/install/ydlidar_ros2_driver/share/ydlidar_ros2_driver/local_setup.sh
-- Up-to-date: /home/jetson/otonom/lidar_ws/install/ydlidar_ros2_driver/share/ydlidar_ros2_driver/local_setup.zsh
-- Up-to-date: /home/jetson/otonom/lidar_ws/install/ydlidar_ros2_driver/share/ydlidar_ros2_driver/local_setup.dsv
-- Installing: /home/jetson/otonom/lidar_ws/install/ydlidar_ros2_driver/share/ydlidar_ros2_driver/package.dsv
-- Up-to-date: /home/jetson/otonom/lidar_ws/install/ydlidar_ros2_driver/share/ament_index/resource_index/packages/ydlidar_ros2_driver
-- Up-to-date: /home/jetson/otonom/lidar_ws/install/ydlidar_ros2_driver/share/ydlidar_ros2_driver/cmake/ydlidar_ros2_driverConfig.cmake
-- Up-to-date: /home/jetson/otonom/lidar_ws/install/ydlidar_ros2_driver/share/ydlidar_ros2_driver/cmake/ydlidar_ros2_driverConfig-version.cmake
-- Up-to-date: /home/jetson/otonom/lidar_ws/install/ydlidar_ros2_driver/share/ydlidar_ros2_driver/package.xml
